<?xml version="1.0" encoding="UTF-8"?>
<!-- Generated by org.testng.reporters.JUnitXMLReporter -->
<testsuite ignored="0" hostname="DESKTOP-HQ5STS1" failures="1" tests="18" name="Test" time="77.068" errors="0" timestamp="2023-01-03T10:38:04 IST">
  <testcase classname="tests.FirstTest" name="Test1" time="1.075"/>
  <testcase classname="tests.FirstTest" name="Test2" time="0.927"/>
  <testcase classname="tests.FirstTest" name="Test3" time="6.036"/>
  <testcase classname="tests.FirstTest" name="Test4" time="0.149"/>
  <testcase classname="tests.FirstTest" name="Test5" time="6.496"/>
  <testcase classname="tests.FirstTest" name="Test6" time="3.601"/>
  <testcase classname="tests.FirstTest" name="Test7" time="0.796"/>
  <testcase classname="tests.FirstTest" name="Test8" time="2.408"/>
  <testcase classname="tests.FirstTest" name="Test9" time="0.001"/>
  <testcase classname="tests.FirstTest" name="Test10" time="1.137"/>
  <testcase classname="tests.FirstTest" name="Test11" time="0.234"/>
  <testcase classname="tests.FirstTest" name="Test12" time="10.504">
    <failure type="org.openqa.selenium.TimeoutException" message="Expected condition failed: waiting for element to be clickable: By.id: com.android.packageinstaller:id/permission_allow_button (tried for 10 second(s) with 500 milliseconds interval)">
      <![CDATA[org.openqa.selenium.TimeoutException: Expected condition failed: waiting for element to be clickable: By.id: com.android.packageinstaller:id/permission_allow_button (tried for 10 second(s) with 500 milliseconds interval)
at org.openqa.selenium.support.ui.WebDriverWait.timeoutException(WebDriverWait.java:95)
at org.openqa.selenium.support.ui.FluentWait.until(FluentWait.java:272)
at pages.OrderCreatePage.AllowAccessBtn(OrderCreatePage.java:24)
at tests.FirstTest.Test12(FirstTest.java:173)
at java.base/java.util.ArrayList.forEach(ArrayList.java:1541)
Caused by: org.openqa.selenium.NoSuchElementException: An element could not be located on the page using the given search parameters.
For documentation on this error, please visit: https://www.seleniumhq.org/exceptions/no_such_element.html
Build info: version: '3.141.59', revision: 'e82be7d358', time: '2018-11-14T08:17:03'
System info: host: 'DESKTOP-HQ5STS1', ip: '192.168.8.197', os.name: 'Windows 10', os.arch: 'amd64', os.version: '10.0', java.version: '11.0.13'
Driver info: io.appium.java_client.android.AndroidDriver
Capabilities {app: C:\Users\hp\eclipse-workspa..., appPackage: com.apps.ac.martin.coffeesh..., automationName: Appium, databaseEnabled: false, desired: {app: C:\Users\hp\eclipse-workspa..., automationName: Appium, deviceName: Android Emulator, platformName: android, platformVersion: 11}, deviceApiLevel: 30, deviceManufacturer: Google, deviceModel: sdk_gphone_x86, deviceName: emulator-5554, deviceScreenDensity: 440, deviceScreenSize: 1080x2280, deviceUDID: emulator-5554, javascriptEnabled: true, locationContextEnabled: false, networkConnectionEnabled: true, pixelRatio: 2.75, platform: LINUX, platformName: Android, platformVersion: 11, statBarHeight: 135, takesScreenshot: true, viewportRect: {height: 1842, left: 0, top: 135, width: 1080}, warnings: {}, webStorageEnabled: false}
Session ID: 8cf59650-37b6-4bd2-a7e8-b55a48da91d8
*** Element info: {Using=id, value=com.android.packageinstaller:id/permission_allow_button}
at org.openqa.selenium.remote.http.W3CHttpResponseCodec.createException(W3CHttpResponseCodec.java:187)
at org.openqa.selenium.remote.http.W3CHttpResponseCodec.decode(W3CHttpResponseCodec.java:122)
at org.openqa.selenium.remote.http.W3CHttpResponseCodec.decode(W3CHttpResponseCodec.java:49)
at org.openqa.selenium.remote.HttpCommandExecutor.execute(HttpCommandExecutor.java:158)
at io.appium.java_client.remote.AppiumCommandExecutor.execute(AppiumCommandExecutor.java:239)
at org.openqa.selenium.remote.RemoteWebDriver.execute(RemoteWebDriver.java:552)
at io.appium.java_client.DefaultGenericMobileDriver.execute(DefaultGenericMobileDriver.java:42)
at io.appium.java_client.AppiumDriver.execute(AppiumDriver.java:1)
at io.appium.java_client.android.AndroidDriver.execute(AndroidDriver.java:1)
at org.openqa.selenium.remote.RemoteWebDriver.findElement(RemoteWebDriver.java:323)
at io.appium.java_client.DefaultGenericMobileDriver.findElement(DefaultGenericMobileDriver.java:62)
at io.appium.java_client.AppiumDriver.findElement(AppiumDriver.java:1)
at io.appium.java_client.android.AndroidDriver.findElement(AndroidDriver.java:1)
at org.openqa.selenium.remote.RemoteWebDriver.findElementById(RemoteWebDriver.java:372)
at io.appium.java_client.DefaultGenericMobileDriver.findElementById(DefaultGenericMobileDriver.java:70)
at io.appium.java_client.AppiumDriver.findElementById(AppiumDriver.java:1)
at io.appium.java_client.android.AndroidDriver.findElementById(AndroidDriver.java:1)
at org.openqa.selenium.By$ById.findElement(By.java:188)
at org.openqa.selenium.remote.RemoteWebDriver.findElement(RemoteWebDriver.java:315)
at io.appium.java_client.DefaultGenericMobileDriver.findElement(DefaultGenericMobileDriver.java:58)
at io.appium.java_client.AppiumDriver.findElement(AppiumDriver.java:1)
at io.appium.java_client.android.AndroidDriver.findElement(AndroidDriver.java:1)
at org.openqa.selenium.support.ui.ExpectedConditions$7.apply(ExpectedConditions.java:205)
at org.openqa.selenium.support.ui.ExpectedConditions$7.apply(ExpectedConditions.java:201)
at org.openqa.selenium.support.ui.ExpectedConditions$22.apply(ExpectedConditions.java:641)
at org.openqa.selenium.support.ui.ExpectedConditions$22.apply(ExpectedConditions.java:638)
at org.openqa.selenium.support.ui.FluentWait.until(FluentWait.java:249)
... 30 more
... Removed 30 stack frames]]>
    </failure>
  </testcase> <!-- Test12 -->
  <testcase classname="tests.FirstTest" name="Test13" time="15.81"/>
  <testcase classname="tests.FirstTest" name="Test14" time="0.869"/>
  <testcase classname="tests.FirstTest" name="Test15" time="2.451"/>
  <testcase classname="tests.FirstTest" name="Test16" time="2.128"/>
  <testcase classname="tests.FirstTest" name="Test17" time="3.811"/>
  <testcase classname="tests.FirstTest" name="Test18" time="2.207"/>
</testsuite> <!-- Test -->
