<?xml version="1.0" encoding="UTF-8"?>
<testng-results ignored="0" total="18" passed="17" failed="1" skipped="0">
  <reporter-output>
  </reporter-output>
  <suite started-at="2023-01-03T10:36:47 IST" name="Suite" finished-at="2023-01-03T10:38:04 IST" duration-ms="77068">
    <groups>
    </groups>
    <test started-at="2023-01-03T10:36:47 IST" name="Test" finished-at="2023-01-03T10:38:04 IST" duration-ms="77068">
      <class name="tests.FirstTest">
        <test-method is-config="true" signature="setup()[pri:0, instance:tests.FirstTest@33ecda92]" started-at="2023-01-03T10:36:47 IST" name="setup" finished-at="2023-01-03T10:37:03 IST" duration-ms="15844" status="PASS">
          <reporter-output>
          </reporter-output>
        </test-method> <!-- setup -->
        <test-method signature="Test1()[pri:1, instance:tests.FirstTest@33ecda92]" started-at="2023-01-03T10:37:03 IST" name="Test1" description="Accept the warning" finished-at="2023-01-03T10:37:04 IST" duration-ms="1075" status="PASS">
          <reporter-output>
          </reporter-output>
        </test-method> <!-- Test1 -->
        <test-method signature="Test2()[pri:2, instance:tests.FirstTest@33ecda92]" started-at="2023-01-03T10:37:04 IST" name="Test2" description="Verify &#039;Cofee Shop App&#039; title visibility on the home screen" finished-at="2023-01-03T10:37:05 IST" duration-ms="927" status="PASS">
          <reporter-output>
          </reporter-output>
        </test-method> <!-- Test2 -->
        <test-method signature="Test3()[pri:3, instance:tests.FirstTest@33ecda92]" started-at="2023-01-03T10:37:05 IST" name="Test3" description="Navigate to settings and switch to Dark mode theme" finished-at="2023-01-03T10:37:11 IST" duration-ms="6036" status="PASS">
          <reporter-output>
          </reporter-output>
        </test-method> <!-- Test3 -->
        <test-method signature="Test4()[pri:4, instance:tests.FirstTest@33ecda92]" started-at="2023-01-03T10:37:11 IST" name="Test4" description="Navigate to the Home page" finished-at="2023-01-03T10:37:11 IST" duration-ms="149" status="PASS">
          <reporter-output>
          </reporter-output>
        </test-method> <!-- Test4 -->
        <test-method signature="Test5()[pri:5, instance:tests.FirstTest@33ecda92]" started-at="2023-01-03T10:37:11 IST" name="Test5" description="Scroll down and click on &#039;Chocolate smoothie&#039;" finished-at="2023-01-03T10:37:17 IST" duration-ms="6496" status="PASS">
          <reporter-output>
          </reporter-output>
        </test-method> <!-- Test5 -->
        <test-method signature="Test6()[pri:6, instance:tests.FirstTest@33ecda92]" started-at="2023-01-03T10:37:17 IST" name="Test6" description="Change Quantity to 5 and click on &#039;Add to order&#039;" finished-at="2023-01-03T10:37:21 IST" duration-ms="3601" status="PASS">
          <reporter-output>
          </reporter-output>
        </test-method> <!-- Test6 -->
        <test-method signature="Test7()[pri:7, instance:tests.FirstTest@33ecda92]" started-at="2023-01-03T10:37:21 IST" name="Test7" description="Go to &#039;Snacks&#039;" finished-at="2023-01-03T10:37:22 IST" duration-ms="796" status="PASS">
          <reporter-output>
          </reporter-output>
        </test-method> <!-- Test7 -->
        <test-method signature="Test8()[pri:8, instance:tests.FirstTest@33ecda92]" started-at="2023-01-03T10:37:22 IST" name="Test8" description="Scroll Up to the top of the screen" finished-at="2023-01-03T10:37:24 IST" duration-ms="2408" status="PASS">
          <reporter-output>
          </reporter-output>
        </test-method> <!-- Test8 -->
        <test-method signature="Test9()[pri:9, instance:tests.FirstTest@33ecda92]" started-at="2023-01-03T10:37:24 IST" name="Test9" description="Go to &#039;Search&#039; and enter the text &#039;Pancakes&#039;" finished-at="2023-01-03T10:37:24 IST" duration-ms="1" status="PASS">
          <reporter-output>
          </reporter-output>
        </test-method> <!-- Test9 -->
        <test-method signature="Test10()[pri:10, instance:tests.FirstTest@33ecda92]" started-at="2023-01-03T10:37:24 IST" name="Test10" description="Go to the Checkout list and verify the total amount" finished-at="2023-01-03T10:37:25 IST" duration-ms="1137" status="PASS">
          <reporter-output>
          </reporter-output>
        </test-method> <!-- Test10 -->
        <test-method signature="Test11()[pri:11, instance:tests.FirstTest@33ecda92]" started-at="2023-01-03T10:37:25 IST" name="Test11" description="Tap on Checkout" finished-at="2023-01-03T10:37:26 IST" duration-ms="234" status="PASS">
          <reporter-output>
          </reporter-output>
        </test-method> <!-- Test11 -->
        <test-method signature="Test12()[pri:12, instance:tests.FirstTest@33ecda92]" started-at="2023-01-03T10:37:26 IST" name="Test12" description="Tap on PickLocations" finished-at="2023-01-03T10:37:36 IST" duration-ms="10504" status="FAIL">
          <exception class="org.openqa.selenium.TimeoutException">
            <message>
              <![CDATA[Expected condition failed: waiting for element to be clickable: By.id: com.android.packageinstaller:id/permission_allow_button (tried for 10 second(s) with 500 milliseconds interval)]]>
            </message>
            <full-stacktrace>
              <![CDATA[org.openqa.selenium.TimeoutException: Expected condition failed: waiting for element to be clickable: By.id: com.android.packageinstaller:id/permission_allow_button (tried for 10 second(s) with 500 milliseconds interval)
at org.openqa.selenium.support.ui.WebDriverWait.timeoutException(WebDriverWait.java:95)
at org.openqa.selenium.support.ui.FluentWait.until(FluentWait.java:272)
at pages.OrderCreatePage.AllowAccessBtn(OrderCreatePage.java:24)
at tests.FirstTest.Test12(FirstTest.java:173)
at java.base/jdk.internal.reflect.NativeMethodAccessorImpl.invoke0(Native Method)
at java.base/jdk.internal.reflect.NativeMethodAccessorImpl.invoke(NativeMethodAccessorImpl.java:62)
at java.base/jdk.internal.reflect.DelegatingMethodAccessorImpl.invoke(DelegatingMethodAccessorImpl.java:43)
at java.base/java.lang.reflect.Method.invoke(Method.java:566)
at org.testng.internal.MethodInvocationHelper.invokeMethod(MethodInvocationHelper.java:133)
at org.testng.internal.TestInvoker.invokeMethod(TestInvoker.java:598)
at org.testng.internal.TestInvoker.invokeTestMethod(TestInvoker.java:173)
at org.testng.internal.MethodRunner.runInSequence(MethodRunner.java:46)
at org.testng.internal.TestInvoker$MethodInvocationAgent.invoke(TestInvoker.java:824)
at org.testng.internal.TestInvoker.invokeTestMethods(TestInvoker.java:146)
at org.testng.internal.TestMethodWorker.invokeTestMethods(TestMethodWorker.java:146)
at org.testng.internal.TestMethodWorker.run(TestMethodWorker.java:128)
at java.base/java.util.ArrayList.forEach(ArrayList.java:1541)
at org.testng.TestRunner.privateRun(TestRunner.java:794)
at org.testng.TestRunner.run(TestRunner.java:596)
at org.testng.SuiteRunner.runTest(SuiteRunner.java:377)
at org.testng.SuiteRunner.runSequentially(SuiteRunner.java:371)
at org.testng.SuiteRunner.privateRun(SuiteRunner.java:332)
at org.testng.SuiteRunner.run(SuiteRunner.java:276)
at org.testng.SuiteRunnerWorker.runSuite(SuiteRunnerWorker.java:53)
at org.testng.SuiteRunnerWorker.run(SuiteRunnerWorker.java:96)
at org.testng.TestNG.runSuitesSequentially(TestNG.java:1212)
at org.testng.TestNG.runSuitesLocally(TestNG.java:1134)
at org.testng.TestNG.runSuites(TestNG.java:1063)
at org.testng.TestNG.run(TestNG.java:1031)
at org.testng.remote.AbstractRemoteTestNG.run(AbstractRemoteTestNG.java:115)
at org.testng.remote.RemoteTestNG.initAndRun(RemoteTestNG.java:251)
at org.testng.remote.RemoteTestNG.main(RemoteTestNG.java:77)
Caused by: org.openqa.selenium.NoSuchElementException: An element could not be located on the page using the given search parameters.
For documentation on this error, please visit: https://www.seleniumhq.org/exceptions/no_such_element.html
Build info: version: '3.141.59', revision: 'e82be7d358', time: '2018-11-14T08:17:03'
System info: host: 'DESKTOP-HQ5STS1', ip: '192.168.8.197', os.name: 'Windows 10', os.arch: 'amd64', os.version: '10.0', java.version: '11.0.13'
Driver info: io.appium.java_client.android.AndroidDriver
Capabilities {app: C:\Users\hp\eclipse-workspa..., appPackage: com.apps.ac.martin.coffeesh..., automationName: Appium, databaseEnabled: false, desired: {app: C:\Users\hp\eclipse-workspa..., automationName: Appium, deviceName: Android Emulator, platformName: android, platformVersion: 11}, deviceApiLevel: 30, deviceManufacturer: Google, deviceModel: sdk_gphone_x86, deviceName: emulator-5554, deviceScreenDensity: 440, deviceScreenSize: 1080x2280, deviceUDID: emulator-5554, javascriptEnabled: true, locationContextEnabled: false, networkConnectionEnabled: true, pixelRatio: 2.75, platform: LINUX, platformName: Android, platformVersion: 11, statBarHeight: 135, takesScreenshot: true, viewportRect: {height: 1842, left: 0, top: 135, width: 1080}, warnings: {}, webStorageEnabled: false}
Session ID: 8cf59650-37b6-4bd2-a7e8-b55a48da91d8
*** Element info: {Using=id, value=com.android.packageinstaller:id/permission_allow_button}
at jdk.internal.reflect.GeneratedConstructorAccessor13.newInstance(Unknown Source)
at java.base/jdk.internal.reflect.DelegatingConstructorAccessorImpl.newInstance(DelegatingConstructorAccessorImpl.java:45)
at java.base/java.lang.reflect.Constructor.newInstance(Constructor.java:490)
at org.openqa.selenium.remote.http.W3CHttpResponseCodec.createException(W3CHttpResponseCodec.java:187)
at org.openqa.selenium.remote.http.W3CHttpResponseCodec.decode(W3CHttpResponseCodec.java:122)
at org.openqa.selenium.remote.http.W3CHttpResponseCodec.decode(W3CHttpResponseCodec.java:49)
at org.openqa.selenium.remote.HttpCommandExecutor.execute(HttpCommandExecutor.java:158)
at io.appium.java_client.remote.AppiumCommandExecutor.execute(AppiumCommandExecutor.java:239)
at org.openqa.selenium.remote.RemoteWebDriver.execute(RemoteWebDriver.java:552)
at io.appium.java_client.DefaultGenericMobileDriver.execute(DefaultGenericMobileDriver.java:42)
at io.appium.java_client.AppiumDriver.execute(AppiumDriver.java:1)
at io.appium.java_client.android.AndroidDriver.execute(AndroidDriver.java:1)
at org.openqa.selenium.remote.RemoteWebDriver.findElement(RemoteWebDriver.java:323)
at io.appium.java_client.DefaultGenericMobileDriver.findElement(DefaultGenericMobileDriver.java:62)
at io.appium.java_client.AppiumDriver.findElement(AppiumDriver.java:1)
at io.appium.java_client.android.AndroidDriver.findElement(AndroidDriver.java:1)
at org.openqa.selenium.remote.RemoteWebDriver.findElementById(RemoteWebDriver.java:372)
at io.appium.java_client.DefaultGenericMobileDriver.findElementById(DefaultGenericMobileDriver.java:70)
at io.appium.java_client.AppiumDriver.findElementById(AppiumDriver.java:1)
at io.appium.java_client.android.AndroidDriver.findElementById(AndroidDriver.java:1)
at org.openqa.selenium.By$ById.findElement(By.java:188)
at org.openqa.selenium.remote.RemoteWebDriver.findElement(RemoteWebDriver.java:315)
at io.appium.java_client.DefaultGenericMobileDriver.findElement(DefaultGenericMobileDriver.java:58)
at io.appium.java_client.AppiumDriver.findElement(AppiumDriver.java:1)
at io.appium.java_client.android.AndroidDriver.findElement(AndroidDriver.java:1)
at org.openqa.selenium.support.ui.ExpectedConditions$7.apply(ExpectedConditions.java:205)
at org.openqa.selenium.support.ui.ExpectedConditions$7.apply(ExpectedConditions.java:201)
at org.openqa.selenium.support.ui.ExpectedConditions$22.apply(ExpectedConditions.java:641)
at org.openqa.selenium.support.ui.ExpectedConditions$22.apply(ExpectedConditions.java:638)
at org.openqa.selenium.support.ui.FluentWait.until(FluentWait.java:249)
... 30 more
]]>
            </full-stacktrace>
          </exception> <!-- org.openqa.selenium.TimeoutException -->
          <reporter-output>
          </reporter-output>
        </test-method> <!-- Test12 -->
        <test-method signature="Test13()[pri:13, instance:tests.FirstTest@33ecda92]" started-at="2023-01-03T10:37:36 IST" name="Test13" description="Provide user details" finished-at="2023-01-03T10:37:52 IST" duration-ms="15810" status="PASS">
          <reporter-output>
          </reporter-output>
        </test-method> <!-- Test13 -->
        <test-method signature="Test14()[pri:14, instance:tests.FirstTest@33ecda92]" started-at="2023-01-03T10:37:52 IST" name="Test14" description="Change Payment method to &#039;Cash&#039; and Confirm order" finished-at="2023-01-03T10:37:53 IST" duration-ms="869" status="PASS">
          <reporter-output>
          </reporter-output>
        </test-method> <!-- Test14 -->
        <test-method signature="Test15()[pri:15, instance:tests.FirstTest@33ecda92]" started-at="2023-01-03T10:37:53 IST" name="Test15" description="Back to home" finished-at="2023-01-03T10:37:55 IST" duration-ms="2451" status="PASS">
          <reporter-output>
          </reporter-output>
        </test-method> <!-- Test15 -->
        <test-method signature="Test16()[pri:16, instance:tests.FirstTest@33ecda92]" started-at="2023-01-03T10:37:55 IST" name="Test16" description="Navigate to &#039;Orders&#039; and tap on &#039;View Details&#039;" finished-at="2023-01-03T10:37:57 IST" duration-ms="2128" status="PASS">
          <reporter-output>
          </reporter-output>
        </test-method> <!-- Test16 -->
        <test-method signature="Test17()[pri:17, instance:tests.FirstTest@33ecda92]" started-at="2023-01-03T10:37:57 IST" name="Test17" description="Scroll down and Cancel the order" finished-at="2023-01-03T10:38:01 IST" duration-ms="3811" status="PASS">
          <reporter-output>
          </reporter-output>
        </test-method> <!-- Test17 -->
        <test-method signature="Test18()[pri:18, instance:tests.FirstTest@33ecda92]" started-at="2023-01-03T10:38:01 IST" name="Test18" description="Go Back to orders and verify order status has changed to &#039;canceled&#039;" finished-at="2023-01-03T10:38:03 IST" duration-ms="2207" status="PASS">
          <reporter-output>
          </reporter-output>
        </test-method> <!-- Test18 -->
        <test-method is-config="true" signature="teardown()[pri:0, instance:tests.FirstTest@33ecda92]" started-at="2023-01-03T10:38:03 IST" name="teardown" finished-at="2023-01-03T10:38:04 IST" duration-ms="534" status="PASS">
          <reporter-output>
          </reporter-output>
        </test-method> <!-- teardown -->
      </class> <!-- tests.FirstTest -->
    </test> <!-- Test -->
  </suite> <!-- Suite -->
</testng-results>
